<?xml version="1.0" encoding="UTF-8"?>
<testsuite name="censusanalyser.CensusAnalyserTest" tests="10" skipped="0" failures="0" errors="0" timestamp="2020-08-21T14:43:52" hostname="ilaf-Inspiron-15-3567" time="1.358">
  <properties/>
  <testcase name="givenIndiaStateCodeCSVFile_whenWrongPath_shouldThrowCustomException" classname="censusanalyser.CensusAnalyserTest" time="0.043"/>
  <testcase name="givenIndianCensusCSVFile_whenProper_shouldReturnsCorrectRecordCount" classname="censusanalyser.CensusAnalyserTest" time="0.95"/>
  <testcase name="givenIndiaStateCodeCSVFile_whenProper_shouldReturnsCorrectRecordCount" classname="censusanalyser.CensusAnalyserTest" time="0.085"/>
  <testcase name="givenIndianCensusCSVFile_whenWrongFileExtension_shouldThrowCustomException" classname="censusanalyser.CensusAnalyserTest" time="0.011"/>
  <testcase name="givenIndiaStateCodeFile_whenWrongFileExtension_shouldThrowCustomException" classname="censusanalyser.CensusAnalyserTest" time="0.011"/>
  <testcase name="givenIndianCensusCSVFile_whenIncorrectDelimiter_shouldThrowCustomException" classname="censusanalyser.CensusAnalyserTest" time="0.113"/>
  <testcase name="givenIndianCensusCSVFile_whenIncorrectHeader_shouldThrowCustomException" classname="censusanalyser.CensusAnalyserTest" time="0.027"/>
  <testcase name="givenIndianCensusCSVFile_whenWrongPath_shouldThrowCustomException" classname="censusanalyser.CensusAnalyserTest" time="0.0"/>
  <testcase name="givenIndiaStateCodeFile_whenIncorrectDelimiter_shouldThrowCustomException" classname="censusanalyser.CensusAnalyserTest" time="0.053"/>
  <testcase name="givenIndiaStateCodeFile_whenIncorrectHeader_shouldThrowCustomException" classname="censusanalyser.CensusAnalyserTest" time="0.055"/>
  <system-out><![CDATA[]]></system-out>
  <system-err><![CDATA[Exception in thread "pool-2-thread-4" java.lang.RuntimeException: com.opencsv.exceptions.CsvRequiredFieldEmptyException: Number of data fields does not match number of headers.
	at com.opencsv.bean.util.OpencsvUtils.handleException(OpencsvUtils.java:122)
	at com.opencsv.bean.concurrent.ProcessCsvLine.run(ProcessCsvLine.java:108)
	at java.base/java.util.concurrent.ThreadPoolExecutor.runWorker(ThreadPoolExecutor.java:1128)
	at java.base/java.util.concurrent.ThreadPoolExecutor$Worker.run(ThreadPoolExecutor.java:628)
	at java.base/java.lang.Thread.run(Thread.java:834)
Caused by: com.opencsv.exceptions.CsvRequiredFieldEmptyException: Number of data fields does not match number of headers.
	at com.opencsv.bean.HeaderNameBaseMappingStrategy.verifyLineLength(HeaderNameBaseMappingStrategy.java:90)
	at com.opencsv.bean.AbstractMappingStrategy.populateNewBean(AbstractMappingStrategy.java:325)
	at com.opencsv.bean.concurrent.ProcessCsvLine.processLine(ProcessCsvLine.java:135)
	at com.opencsv.bean.concurrent.ProcessCsvLine.run(ProcessCsvLine.java:87)
	... 3 more
Exception in thread "pool-2-thread-2" java.lang.RuntimeException: com.opencsv.exceptions.CsvRequiredFieldEmptyException: Number of data fields does not match number of headers.
	at com.opencsv.bean.util.OpencsvUtils.handleException(OpencsvUtils.java:122)
	at com.opencsv.bean.concurrent.ProcessCsvLine.run(ProcessCsvLine.java:108)
	at java.base/java.util.concurrent.ThreadPoolExecutor.runWorker(ThreadPoolExecutor.java:1128)
	at java.base/java.util.concurrent.ThreadPoolExecutor$Worker.run(ThreadPoolExecutor.java:628)
	at java.base/java.lang.Thread.run(Thread.java:834)
Caused by: com.opencsv.exceptions.CsvRequiredFieldEmptyException: Number of data fields does not match number of headers.
	at com.opencsv.bean.HeaderNameBaseMappingStrategy.verifyLineLength(HeaderNameBaseMappingStrategy.java:90)
	at com.opencsv.bean.AbstractMappingStrategy.populateNewBean(AbstractMappingStrategy.java:325)
	at com.opencsv.bean.concurrent.ProcessCsvLine.processLine(ProcessCsvLine.java:135)
	at com.opencsv.bean.concurrent.ProcessCsvLine.run(ProcessCsvLine.java:87)
	... 3 more
Exception in thread "pool-2-thread-1" java.lang.RuntimeException: com.opencsv.exceptions.CsvRequiredFieldEmptyException: Number of data fields does not match number of headers.
	at com.opencsv.bean.util.OpencsvUtils.handleException(OpencsvUtils.java:122)
	at com.opencsv.bean.concurrent.ProcessCsvLine.run(ProcessCsvLine.java:108)
	at java.base/java.util.concurrent.ThreadPoolExecutor.runWorker(ThreadPoolExecutor.java:1128)
	at java.base/java.util.concurrent.ThreadPoolExecutor$Worker.run(ThreadPoolExecutor.java:628)
	at java.base/java.lang.Thread.run(Thread.java:834)
Caused by: com.opencsv.exceptions.CsvRequiredFieldEmptyException: Number of data fields does not match number of headers.
	at com.opencsv.bean.HeaderNameBaseMappingStrategy.verifyLineLength(HeaderNameBaseMappingStrategy.java:90)
	at com.opencsv.bean.AbstractMappingStrategy.populateNewBean(AbstractMappingStrategy.java:325)
	at com.opencsv.bean.concurrent.ProcessCsvLine.processLine(ProcessCsvLine.java:135)
	at com.opencsv.bean.concurrent.ProcessCsvLine.run(ProcessCsvLine.java:87)
	... 3 more
Exception in thread "pool-2-thread-3" java.lang.RuntimeException: com.opencsv.exceptions.CsvRequiredFieldEmptyException: Number of data fields does not match number of headers.
	at com.opencsv.bean.util.OpencsvUtils.handleException(OpencsvUtils.java:122)
	at com.opencsv.bean.concurrent.ProcessCsvLine.run(ProcessCsvLine.java:108)
	at java.base/java.util.concurrent.ThreadPoolExecutor.runWorker(ThreadPoolExecutor.java:1128)
	at java.base/java.util.concurrent.ThreadPoolExecutor$Worker.run(ThreadPoolExecutor.java:628)
	at java.base/java.lang.Thread.run(Thread.java:834)
Caused by: com.opencsv.exceptions.CsvRequiredFieldEmptyException: Number of data fields does not match number of headers.
	at com.opencsv.bean.HeaderNameBaseMappingStrategy.verifyLineLength(HeaderNameBaseMappingStrategy.java:90)
	at com.opencsv.bean.AbstractMappingStrategy.populateNewBean(AbstractMappingStrategy.java:325)
	at com.opencsv.bean.concurrent.ProcessCsvLine.processLine(ProcessCsvLine.java:135)
	at com.opencsv.bean.concurrent.ProcessCsvLine.run(ProcessCsvLine.java:87)
	... 3 more
]]></system-err>
</testsuite>
