<?xml version="1.0" encoding="UTF-8"?>
<testsuite name="censusanalyser.CensusAnalyserTest" tests="6" skipped="0" failures="0" errors="0" timestamp="2020-08-20T01:24:52" hostname="ilaf-Inspiron-15-3567" time="9.465">
  <properties/>
  <testcase name="givenIndianCensusCSVFile_whenProper_shouldReturnsCorrectRecordCount" classname="censusanalyser.CensusAnalyserTest" time="7.644"/>
  <testcase name="givenIndiaStateCodeCSVFile_whenProper_shouldReturnsCorrectRecordCount" classname="censusanalyser.CensusAnalyserTest" time="1.301"/>
  <testcase name="givenIndianCensusCSVFile_whenWrongFileExtension_shouldThrowCustomException" classname="censusanalyser.CensusAnalyserTest" time="0.133"/>
  <testcase name="givenIndianCensusCSVFile_whenIncorrectDelimiter_shouldThrowCustomException" classname="censusanalyser.CensusAnalyserTest" time="0.29"/>
  <testcase name="givenIndianCensusCSVFile_whenIncorrectHeader_shouldThrowCustomException" classname="censusanalyser.CensusAnalyserTest" time="0.006"/>
  <testcase name="givenIndianCensusCSVFile_whenWrongPath_shouldThrowCustomException" classname="censusanalyser.CensusAnalyserTest" time="0.067"/>
  <system-out><![CDATA[]]></system-out>
  <system-err><![CDATA[]]></system-err>
</testsuite>
