<?xml version="1.0" encoding="UTF-8"?>
<testsuite name="censusanalyser.CensusAnalyserTest" tests="20" skipped="0" failures="1" errors="0" timestamp="2020-08-26T02:58:43" hostname="ilaf-Inspiron-15-3567" time="1.002">
  <properties/>
  <testcase name="givenIndianCensusCSVFile_whenSortedOnArea_shouldReturnSortedResult" classname="censusanalyser.CensusAnalyserTest" time="0.396"/>
  <testcase name="givenIndiaStateCodeCSVFile_whenWrongPath_shouldThrowCustomException" classname="censusanalyser.CensusAnalyserTest" time="0.041"/>
  <testcase name="givenUSCensusCSVFile_whenProper_shouldReturnsCorrectRecordCount" classname="censusanalyser.CensusAnalyserTest" time="0.089"/>
  <testcase name="givenIndianCensusCSVFile_whenSortedOnState_shouldReturnSortedResult" classname="censusanalyser.CensusAnalyserTest" time="0.021"/>
  <testcase name="givenIndianCensusCSVFile_whenSortedOnPopulationDensity_shouldReturnSortedResult" classname="censusanalyser.CensusAnalyserTest" time="0.019"/>
  <testcase name="givenIndianCensusCSVFile_whenProper_shouldReturnsCorrectRecordCount" classname="censusanalyser.CensusAnalyserTest" time="0.01"/>
  <testcase name="givenIndiaStateCodeCSVFile_whenProper_shouldReturnsCorrectRecordCount" classname="censusanalyser.CensusAnalyserTest" time="0.024"/>
  <testcase name="givenIndianCensusCSVFile_whenSortedOnPopulation_shouldReturnSortedResult" classname="censusanalyser.CensusAnalyserTest" time="0.017"/>
  <testcase name="givenUSCensusCSVFile_whenSortedOnArea_shouldReturnSortedResult" classname="censusanalyser.CensusAnalyserTest" time="0.031"/>
  <testcase name="givenIndianCensusCSVFile_whenWrongFileExtension_shouldThrowCustomException" classname="censusanalyser.CensusAnalyserTest" time="0.0"/>
  <testcase name="givenIndiaStateCodeFile_whenWrongFileExtension_shouldThrowCustomException" classname="censusanalyser.CensusAnalyserTest" time="0.001"/>
  <testcase name="givenUSCensusCSVFile_whenSortedOnPopulationDensity_shouldReturnSortedResult" classname="censusanalyser.CensusAnalyserTest" time="0.026"/>
  <testcase name="givenUSCensusCSVFile_whenSortedOnPopulation_shouldReturnSortedResult" classname="censusanalyser.CensusAnalyserTest" time="0.039"/>
  <testcase name="givenIndiaStateCodeFile_whenSortedOnStateCode_shouldReturnSortedResult" classname="censusanalyser.CensusAnalyserTest" time="0.021"/>
  <testcase name="givenIndianCensusCSVFile_whenIncorrectDelimiter_shouldThrowCustomException" classname="censusanalyser.CensusAnalyserTest" time="0.171"/>
  <testcase name="givenIndianCensusCSVFile_whenIncorrectHeader_shouldThrowCustomException" classname="censusanalyser.CensusAnalyserTest" time="0.012"/>
  <testcase name="givenIndianCensusCSVFile_whenWrongPath_shouldThrowCustomException" classname="censusanalyser.CensusAnalyserTest" time="0.004"/>
  <testcase name="givenIndiaStateCodeFile_whenIncorrectDelimiter_shouldThrowCustomException" classname="censusanalyser.CensusAnalyserTest" time="0.024"/>
  <testcase name="givenIndiaStateCodeFile_whenIncorrectHeader_shouldThrowCustomException" classname="censusanalyser.CensusAnalyserTest" time="0.01"/>
  <testcase name="givenIndiaAndUSCensusCSVFile_whenSortedOnPopulationAndDensity_shouldReturnSortedResult" classname="censusanalyser.CensusAnalyserTest" time="0.027">
    <failure message="org.junit.ComparisonFailure: expected:&lt;[abc]&gt; but was:&lt;[[{&quot;state&quot;:&quot;Uttar Pradesh&quot;,&quot;population&quot;:199812341,&quot;populationDensity&quot;:828.0,&quot;totalArea&quot;:240928.0},{&quot;state&quot;:&quot;Maharashtra&quot;,&quot;population&quot;:112372972,&quot;populationDensity&quot;:365.0,&quot;totalArea&quot;:307713.0},{&quot;state&quot;:&quot;Bihar&quot;,&quot;population&quot;:103804637,&quot;populationDensity&quot;:1102.0,&quot;totalArea&quot;:94163.0},{&quot;state&quot;:&quot;West Bengal&quot;,&quot;population&quot;:91347736,&quot;populationDensity&quot;:1029.0,&quot;totalArea&quot;:88752.0},{&quot;state&quot;:&quot;Madhya Pradesh&quot;,&quot;population&quot;:72597565,&quot;populationDensity&quot;:236.0,&quot;totalArea&quot;:308245.0},{&quot;state&quot;:&quot;Tamil Nadu&quot;,&quot;population&quot;:72138958,&quot;populationDensity&quot;:555.0,&quot;totalArea&quot;:130058.0},{&quot;state&quot;:&quot;Rajasthan&quot;,&quot;population&quot;:68621012,&quot;populationDensity&quot;:201.0,&quot;totalArea&quot;:342239.0},{&quot;state&quot;:&quot;Karnataka&quot;,&quot;population&quot;:61130704,&quot;populationDensity&quot;:319.0,&quot;totalArea&quot;:191791.0},{&quot;state&quot;:&quot;Gujarat&quot;,&quot;population&quot;:60383628,&quot;populationDensity&quot;:308.0,&quot;totalArea&quot;:196024.0},{&quot;state&quot;:&quot;Andhra Pradesh&quot;,&quot;population&quot;:49386799,&quot;populationDensity&quot;:303.0,&quot;totalArea&quot;:162968.0},{&quot;state&quot;:&quot;Odisha&quot;,&quot;population&quot;:41947358,&quot;populationDensity&quot;:269.0,&quot;totalArea&quot;:155707.0},{&quot;state&quot;:&quot;Telangana&quot;,&quot;population&quot;:35286757,&quot;populationDensity&quot;:307.0,&quot;totalArea&quot;:114840.0},{&quot;state&quot;:&quot;Kerala&quot;,&quot;population&quot;:33387677,&quot;populationDensity&quot;:859.0,&quot;totalArea&quot;:38863.0},{&quot;state&quot;:&quot;Jharkhand&quot;,&quot;population&quot;:32966238,&quot;populationDensity&quot;:414.0,&quot;totalArea&quot;:79714.0},{&quot;state&quot;:&quot;Assam&quot;,&quot;population&quot;:31169272,&quot;populationDensity&quot;:397.0,&quot;totalArea&quot;:78438.0},{&quot;state&quot;:&quot;Punjab&quot;,&quot;population&quot;:27704236,&quot;populationDensity&quot;:550.0,&quot;totalArea&quot;:50362.0},{&quot;state&quot;:&quot;Chattisgarh&quot;,&quot;population&quot;:25540196,&quot;populationDensity&quot;:189.0,&quot;totalArea&quot;:135191.0},{&quot;state&quot;:&quot;Haryana&quot;,&quot;population&quot;:25353081,&quot;populationDensity&quot;:573.0,&quot;totalArea&quot;:44212.0},{&quot;state&quot;:&quot;Jammu and Kashmir&quot;,&quot;population&quot;:12548926,&quot;populationDensity&quot;:57.0,&quot;totalArea&quot;:222236.0},{&quot;state&quot;:&quot;Uttarakhand&quot;,&quot;population&quot;:10116752,&quot;populationDensity&quot;:189.0,&quot;totalArea&quot;:53483.0},{&quot;state&quot;:&quot;Himachal Pradesh&quot;,&quot;population&quot;:6864602,&quot;populationDensity&quot;:123.0,&quot;totalArea&quot;:55673.0},{&quot;state&quot;:&quot;Tripura&quot;,&quot;population&quot;:3671032,&quot;populationDensity&quot;:350.0,&quot;totalArea&quot;:10486.0},{&quot;state&quot;:&quot;Meghalaya&quot;,&quot;population&quot;:2964007,&quot;populationDensity&quot;:132.0,&quot;totalArea&quot;:22429.0},{&quot;state&quot;:&quot;Manipur&quot;,&quot;population&quot;:2721756,&quot;populationDensity&quot;:122.0,&quot;totalArea&quot;:22327.0},{&quot;state&quot;:&quot;Nagaland&quot;,&quot;population&quot;:1980602,&quot;populationDensity&quot;:119.0,&quot;totalArea&quot;:16579.0},{&quot;state&quot;:&quot;Goa&quot;,&quot;population&quot;:1457723,&quot;populationDensity&quot;:394.0,&quot;totalArea&quot;:3702.0},{&quot;state&quot;:&quot;Arunachal Pradesh&quot;,&quot;population&quot;:1382611,&quot;populationDensity&quot;:50.0,&quot;totalArea&quot;:21000.0},{&quot;state&quot;:&quot;Mizoram&quot;,&quot;population&quot;:1091014,&quot;populationDensity&quot;:52.0,&quot;totalArea&quot;:21081.0},{&quot;state&quot;:&quot;Sikkim&quot;,&quot;population&quot;:607688,&quot;populationDensity&quot;:86.0,&quot;totalArea&quot;:7096.0}]]&gt;" type="org.junit.ComparisonFailure">org.junit.ComparisonFailure: expected:&lt;[abc]&gt; but was:&lt;[[{&quot;state&quot;:&quot;Uttar Pradesh&quot;,&quot;population&quot;:199812341,&quot;populationDensity&quot;:828.0,&quot;totalArea&quot;:240928.0},{&quot;state&quot;:&quot;Maharashtra&quot;,&quot;population&quot;:112372972,&quot;populationDensity&quot;:365.0,&quot;totalArea&quot;:307713.0},{&quot;state&quot;:&quot;Bihar&quot;,&quot;population&quot;:103804637,&quot;populationDensity&quot;:1102.0,&quot;totalArea&quot;:94163.0},{&quot;state&quot;:&quot;West Bengal&quot;,&quot;population&quot;:91347736,&quot;populationDensity&quot;:1029.0,&quot;totalArea&quot;:88752.0},{&quot;state&quot;:&quot;Madhya Pradesh&quot;,&quot;population&quot;:72597565,&quot;populationDensity&quot;:236.0,&quot;totalArea&quot;:308245.0},{&quot;state&quot;:&quot;Tamil Nadu&quot;,&quot;population&quot;:72138958,&quot;populationDensity&quot;:555.0,&quot;totalArea&quot;:130058.0},{&quot;state&quot;:&quot;Rajasthan&quot;,&quot;population&quot;:68621012,&quot;populationDensity&quot;:201.0,&quot;totalArea&quot;:342239.0},{&quot;state&quot;:&quot;Karnataka&quot;,&quot;population&quot;:61130704,&quot;populationDensity&quot;:319.0,&quot;totalArea&quot;:191791.0},{&quot;state&quot;:&quot;Gujarat&quot;,&quot;population&quot;:60383628,&quot;populationDensity&quot;:308.0,&quot;totalArea&quot;:196024.0},{&quot;state&quot;:&quot;Andhra Pradesh&quot;,&quot;population&quot;:49386799,&quot;populationDensity&quot;:303.0,&quot;totalArea&quot;:162968.0},{&quot;state&quot;:&quot;Odisha&quot;,&quot;population&quot;:41947358,&quot;populationDensity&quot;:269.0,&quot;totalArea&quot;:155707.0},{&quot;state&quot;:&quot;Telangana&quot;,&quot;population&quot;:35286757,&quot;populationDensity&quot;:307.0,&quot;totalArea&quot;:114840.0},{&quot;state&quot;:&quot;Kerala&quot;,&quot;population&quot;:33387677,&quot;populationDensity&quot;:859.0,&quot;totalArea&quot;:38863.0},{&quot;state&quot;:&quot;Jharkhand&quot;,&quot;population&quot;:32966238,&quot;populationDensity&quot;:414.0,&quot;totalArea&quot;:79714.0},{&quot;state&quot;:&quot;Assam&quot;,&quot;population&quot;:31169272,&quot;populationDensity&quot;:397.0,&quot;totalArea&quot;:78438.0},{&quot;state&quot;:&quot;Punjab&quot;,&quot;population&quot;:27704236,&quot;populationDensity&quot;:550.0,&quot;totalArea&quot;:50362.0},{&quot;state&quot;:&quot;Chattisgarh&quot;,&quot;population&quot;:25540196,&quot;populationDensity&quot;:189.0,&quot;totalArea&quot;:135191.0},{&quot;state&quot;:&quot;Haryana&quot;,&quot;population&quot;:25353081,&quot;populationDensity&quot;:573.0,&quot;totalArea&quot;:44212.0},{&quot;state&quot;:&quot;Jammu and Kashmir&quot;,&quot;population&quot;:12548926,&quot;populationDensity&quot;:57.0,&quot;totalArea&quot;:222236.0},{&quot;state&quot;:&quot;Uttarakhand&quot;,&quot;population&quot;:10116752,&quot;populationDensity&quot;:189.0,&quot;totalArea&quot;:53483.0},{&quot;state&quot;:&quot;Himachal Pradesh&quot;,&quot;population&quot;:6864602,&quot;populationDensity&quot;:123.0,&quot;totalArea&quot;:55673.0},{&quot;state&quot;:&quot;Tripura&quot;,&quot;population&quot;:3671032,&quot;populationDensity&quot;:350.0,&quot;totalArea&quot;:10486.0},{&quot;state&quot;:&quot;Meghalaya&quot;,&quot;population&quot;:2964007,&quot;populationDensity&quot;:132.0,&quot;totalArea&quot;:22429.0},{&quot;state&quot;:&quot;Manipur&quot;,&quot;population&quot;:2721756,&quot;populationDensity&quot;:122.0,&quot;totalArea&quot;:22327.0},{&quot;state&quot;:&quot;Nagaland&quot;,&quot;population&quot;:1980602,&quot;populationDensity&quot;:119.0,&quot;totalArea&quot;:16579.0},{&quot;state&quot;:&quot;Goa&quot;,&quot;population&quot;:1457723,&quot;populationDensity&quot;:394.0,&quot;totalArea&quot;:3702.0},{&quot;state&quot;:&quot;Arunachal Pradesh&quot;,&quot;population&quot;:1382611,&quot;populationDensity&quot;:50.0,&quot;totalArea&quot;:21000.0},{&quot;state&quot;:&quot;Mizoram&quot;,&quot;population&quot;:1091014,&quot;populationDensity&quot;:52.0,&quot;totalArea&quot;:21081.0},{&quot;state&quot;:&quot;Sikkim&quot;,&quot;population&quot;:607688,&quot;populationDensity&quot;:86.0,&quot;totalArea&quot;:7096.0}]]&gt;
	at org.junit.Assert.assertEquals(Assert.java:115)
	at org.junit.Assert.assertEquals(Assert.java:144)
	at censusanalyser.CensusAnalyserTest.givenIndiaAndUSCensusCSVFile_whenSortedOnPopulationAndDensity_shouldReturnSortedResult(CensusAnalyserTest.java:265)
	at java.base/jdk.internal.reflect.NativeMethodAccessorImpl.invoke0(Native Method)
	at java.base/jdk.internal.reflect.NativeMethodAccessorImpl.invoke(NativeMethodAccessorImpl.java:62)
	at java.base/jdk.internal.reflect.DelegatingMethodAccessorImpl.invoke(DelegatingMethodAccessorImpl.java:43)
	at java.base/java.lang.reflect.Method.invoke(Method.java:566)
	at org.junit.runners.model.FrameworkMethod$1.runReflectiveCall(FrameworkMethod.java:50)
	at org.junit.internal.runners.model.ReflectiveCallable.run(ReflectiveCallable.java:12)
	at org.junit.runners.model.FrameworkMethod.invokeExplosively(FrameworkMethod.java:47)
	at org.junit.internal.runners.statements.InvokeMethod.evaluate(InvokeMethod.java:17)
	at org.junit.runners.ParentRunner.runLeaf(ParentRunner.java:325)
	at org.junit.runners.BlockJUnit4ClassRunner.runChild(BlockJUnit4ClassRunner.java:78)
	at org.junit.runners.BlockJUnit4ClassRunner.runChild(BlockJUnit4ClassRunner.java:57)
	at org.junit.runners.ParentRunner$3.run(ParentRunner.java:290)
	at org.junit.runners.ParentRunner$1.schedule(ParentRunner.java:71)
	at org.junit.runners.ParentRunner.runChildren(ParentRunner.java:288)
	at org.junit.runners.ParentRunner.access$000(ParentRunner.java:58)
	at org.junit.runners.ParentRunner$2.evaluate(ParentRunner.java:268)
	at org.junit.runners.ParentRunner.run(ParentRunner.java:363)
	at org.gradle.api.internal.tasks.testing.junit.JUnitTestClassExecutor.runTestClass(JUnitTestClassExecutor.java:110)
	at org.gradle.api.internal.tasks.testing.junit.JUnitTestClassExecutor.execute(JUnitTestClassExecutor.java:58)
	at org.gradle.api.internal.tasks.testing.junit.JUnitTestClassExecutor.execute(JUnitTestClassExecutor.java:38)
	at org.gradle.api.internal.tasks.testing.junit.AbstractJUnitTestClassProcessor.processTestClass(AbstractJUnitTestClassProcessor.java:62)
	at org.gradle.api.internal.tasks.testing.SuiteTestClassProcessor.processTestClass(SuiteTestClassProcessor.java:51)
	at java.base/jdk.internal.reflect.NativeMethodAccessorImpl.invoke0(Native Method)
	at java.base/jdk.internal.reflect.NativeMethodAccessorImpl.invoke(NativeMethodAccessorImpl.java:62)
	at java.base/jdk.internal.reflect.DelegatingMethodAccessorImpl.invoke(DelegatingMethodAccessorImpl.java:43)
	at java.base/java.lang.reflect.Method.invoke(Method.java:566)
	at org.gradle.internal.dispatch.ReflectionDispatch.dispatch(ReflectionDispatch.java:36)
	at org.gradle.internal.dispatch.ReflectionDispatch.dispatch(ReflectionDispatch.java:24)
	at org.gradle.internal.dispatch.ContextClassLoaderDispatch.dispatch(ContextClassLoaderDispatch.java:33)
	at org.gradle.internal.dispatch.ProxyDispatchAdapter$DispatchingInvocationHandler.invoke(ProxyDispatchAdapter.java:94)
	at com.sun.proxy.$Proxy2.processTestClass(Unknown Source)
	at org.gradle.api.internal.tasks.testing.worker.TestWorker.processTestClass(TestWorker.java:118)
	at java.base/jdk.internal.reflect.NativeMethodAccessorImpl.invoke0(Native Method)
	at java.base/jdk.internal.reflect.NativeMethodAccessorImpl.invoke(NativeMethodAccessorImpl.java:62)
	at java.base/jdk.internal.reflect.DelegatingMethodAccessorImpl.invoke(DelegatingMethodAccessorImpl.java:43)
	at java.base/java.lang.reflect.Method.invoke(Method.java:566)
	at org.gradle.internal.dispatch.ReflectionDispatch.dispatch(ReflectionDispatch.java:36)
	at org.gradle.internal.dispatch.ReflectionDispatch.dispatch(ReflectionDispatch.java:24)
	at org.gradle.internal.remote.internal.hub.MessageHubBackedObjectConnection$DispatchWrapper.dispatch(MessageHubBackedObjectConnection.java:182)
	at org.gradle.internal.remote.internal.hub.MessageHubBackedObjectConnection$DispatchWrapper.dispatch(MessageHubBackedObjectConnection.java:164)
	at org.gradle.internal.remote.internal.hub.MessageHub$Handler.run(MessageHub.java:412)
	at org.gradle.internal.concurrent.ExecutorPolicy$CatchAndRecordFailures.onExecute(ExecutorPolicy.java:64)
	at org.gradle.internal.concurrent.ManagedExecutorImpl$1.run(ManagedExecutorImpl.java:48)
	at java.base/java.util.concurrent.ThreadPoolExecutor.runWorker(ThreadPoolExecutor.java:1128)
	at java.base/java.util.concurrent.ThreadPoolExecutor$Worker.run(ThreadPoolExecutor.java:628)
	at org.gradle.internal.concurrent.ThreadFactoryImpl$ManagedThreadRunnable.run(ThreadFactoryImpl.java:56)
	at java.base/java.lang.Thread.run(Thread.java:834)
</failure>
  </testcase>
  <system-out><![CDATA[]]></system-out>
  <system-err><![CDATA[]]></system-err>
</testsuite>
