<?xml version="1.0" encoding="UTF-8"?>
<testsuite name="censusanalyser.CensusAnalyserTest" tests="16" skipped="0" failures="0" errors="0" timestamp="2020-08-24T12:03:59" hostname="ilaf-Inspiron-15-3567" time="1.055">
  <properties/>
  <testcase name="givenIndianCensusCSVFile_whenSortedOnArea_shouldReturnSortedResult" classname="censusanalyser.CensusAnalyserTest" time="0.589"/>
  <testcase name="givenIndiaStateCodeCSVFile_whenWrongPath_shouldThrowCustomException" classname="censusanalyser.CensusAnalyserTest" time="0.027"/>
  <testcase name="givenUSCensusCSVFile_whenProper_shouldReturnsCorrectRecordCount" classname="censusanalyser.CensusAnalyserTest" time="0.03"/>
  <testcase name="givenIndianCensusCSVFile_whenSortedOnState_shouldReturnSortedResult" classname="censusanalyser.CensusAnalyserTest" time="0.04"/>
  <testcase name="givenIndianCensusCSVFile_whenSortedOnPopulationDensity_shouldReturnSortedResult" classname="censusanalyser.CensusAnalyserTest" time="0.022"/>
  <testcase name="givenIndianCensusCSVFile_whenProper_shouldReturnsCorrectRecordCount" classname="censusanalyser.CensusAnalyserTest" time="0.014"/>
  <testcase name="givenIndiaStateCodeCSVFile_whenProper_shouldReturnsCorrectRecordCount" classname="censusanalyser.CensusAnalyserTest" time="0.044"/>
  <testcase name="givenIndianCensusCSVFile_whenSortedOnPopulation_shouldReturnSortedResult" classname="censusanalyser.CensusAnalyserTest" time="0.031"/>
  <testcase name="givenIndianCensusCSVFile_whenWrongFileExtension_shouldThrowCustomException" classname="censusanalyser.CensusAnalyserTest" time="0.0"/>
  <testcase name="givenIndiaStateCodeFile_whenWrongFileExtension_shouldThrowCustomException" classname="censusanalyser.CensusAnalyserTest" time="0.001"/>
  <testcase name="givenIndiaStateCodeFile_whenSortedOnStateCode_shouldReturnSortedResult" classname="censusanalyser.CensusAnalyserTest" time="0.024"/>
  <testcase name="givenIndianCensusCSVFile_whenIncorrectDelimiter_shouldThrowCustomException" classname="censusanalyser.CensusAnalyserTest" time="0.126"/>
  <testcase name="givenIndianCensusCSVFile_whenIncorrectHeader_shouldThrowCustomException" classname="censusanalyser.CensusAnalyserTest" time="0.019"/>
  <testcase name="givenIndianCensusCSVFile_whenWrongPath_shouldThrowCustomException" classname="censusanalyser.CensusAnalyserTest" time="0.001"/>
  <testcase name="givenIndiaStateCodeFile_whenIncorrectDelimiter_shouldThrowCustomException" classname="censusanalyser.CensusAnalyserTest" time="0.046"/>
  <testcase name="givenIndiaStateCodeFile_whenIncorrectHeader_shouldThrowCustomException" classname="censusanalyser.CensusAnalyserTest" time="0.02"/>
  <system-out><![CDATA[]]></system-out>
  <system-err><![CDATA[]]></system-err>
</testsuite>
