<?xml version="1.0" encoding="UTF-8"?>
<testsuite name="censusanalyser.CensusAnalyserTest" tests="3" skipped="0" failures="0" errors="0" timestamp="2020-08-19T15:33:01" hostname="ilaf-Inspiron-15-3567" time="2.712">
  <properties/>
  <testcase name="givenIndianCensusCSVFile_whenProper_shouldReturnsCorrectRecordCount" classname="censusanalyser.CensusAnalyserTest" time="2.458"/>
  <testcase name="givenIndianCensusCSVFile_whenWrongFileExtension_shouldThrowCustomException" classname="censusanalyser.CensusAnalyserTest" time="0.218"/>
  <testcase name="givenIndianCensusCSVFile_whenWrongPath_shouldThrowCustomException" classname="censusanalyser.CensusAnalyserTest" time="0.034"/>
  <system-out><![CDATA[]]></system-out>
  <system-err><![CDATA[]]></system-err>
</testsuite>
